{"/Users/ashah/Documents/projects/github/marioplan/packages/app/src/App.react.js": {"path":"/Users/ashah/Documents/projects/github/marioplan/packages/app/src/App.react.js","statementMap":{"0":{"start":{"line":12,"column":4},"end":{"line":26,"column":5}}},"fnMap":{"0":{"name":"(anonymous_0)","decl":{"start":{"line":11,"column":2},"end":{"line":11,"column":3}},"loc":{"start":{"line":11,"column":11},"end":{"line":27,"column":3}},"line":11}},"branchMap":{},"s":{"0":1},"f":{"0":1},"b":{},"_coverageSchema":"43e27e138ebf9cfc5966b082cf9a028302ed4184","hash":"6c155ecf136031f8f47309cbe8a9132c653486c8"}
,"/Users/ashah/Documents/projects/github/marioplan/packages/app/src/components/auth/SignIn.react.js": {"path":"/Users/ashah/Documents/projects/github/marioplan/packages/app/src/components/auth/SignIn.react.js","statementMap":{"0":{"start":{"line":8,"column":4},"end":{"line":8,"column":11}},"1":{"start":{"line":9,"column":4},"end":{"line":12,"column":5}},"2":{"start":{"line":16,"column":4},"end":{"line":16,"column":22}},"3":{"start":{"line":17,"column":4},"end":{"line":17,"column":23}},"4":{"start":{"line":22,"column":4},"end":{"line":24,"column":6}},"5":{"start":{"line":27,"column":4},"end":{"line":57,"column":5}}},"fnMap":{"0":{"name":"(anonymous_0)","decl":{"start":{"line":7,"column":2},"end":{"line":7,"column":3}},"loc":{"start":{"line":7,"column":16},"end":{"line":13,"column":3}},"line":7},"1":{"name":"(anonymous_1)","decl":{"start":{"line":15,"column":2},"end":{"line":15,"column":3}},"loc":{"start":{"line":15,"column":18},"end":{"line":19,"column":3}},"line":15},"2":{"name":"(anonymous_2)","decl":{"start":{"line":21,"column":2},"end":{"line":21,"column":3}},"loc":{"start":{"line":21,"column":18},"end":{"line":25,"column":3}},"line":21},"3":{"name":"(anonymous_3)","decl":{"start":{"line":26,"column":2},"end":{"line":26,"column":3}},"loc":{"start":{"line":26,"column":11},"end":{"line":58,"column":3}},"line":26}},"branchMap":{},"s":{"0":4,"1":4,"2":1,"3":1,"4":2,"5":6},"f":{"0":4,"1":1,"2":2,"3":6},"b":{},"_coverageSchema":"43e27e138ebf9cfc5966b082cf9a028302ed4184","hash":"4f556c674c2c0ceafe517d0202b1e6995e25d89e"}
,"/Users/ashah/Documents/projects/github/marioplan/packages/app/src/components/auth/SignUp.react.js": {"path":"/Users/ashah/Documents/projects/github/marioplan/packages/app/src/components/auth/SignUp.react.js","statementMap":{"0":{"start":{"line":8,"column":4},"end":{"line":8,"column":11}},"1":{"start":{"line":9,"column":4},"end":{"line":14,"column":5}},"2":{"start":{"line":18,"column":4},"end":{"line":18,"column":22}},"3":{"start":{"line":19,"column":4},"end":{"line":19,"column":23}},"4":{"start":{"line":24,"column":4},"end":{"line":26,"column":6}},"5":{"start":{"line":30,"column":4},"end":{"line":78,"column":5}}},"fnMap":{"0":{"name":"(anonymous_0)","decl":{"start":{"line":7,"column":2},"end":{"line":7,"column":3}},"loc":{"start":{"line":7,"column":16},"end":{"line":15,"column":3}},"line":7},"1":{"name":"(anonymous_1)","decl":{"start":{"line":17,"column":2},"end":{"line":17,"column":3}},"loc":{"start":{"line":17,"column":18},"end":{"line":21,"column":3}},"line":17},"2":{"name":"(anonymous_2)","decl":{"start":{"line":23,"column":2},"end":{"line":23,"column":3}},"loc":{"start":{"line":23,"column":18},"end":{"line":27,"column":3}},"line":23},"3":{"name":"(anonymous_3)","decl":{"start":{"line":29,"column":2},"end":{"line":29,"column":3}},"loc":{"start":{"line":29,"column":11},"end":{"line":79,"column":3}},"line":29}},"branchMap":{},"s":{"0":4,"1":4,"2":1,"3":1,"4":2,"5":6},"f":{"0":4,"1":1,"2":2,"3":6},"b":{},"_coverageSchema":"43e27e138ebf9cfc5966b082cf9a028302ed4184","hash":"8ceae0c0fff65062041316a37685ee592609f997"}
,"/Users/ashah/Documents/projects/github/marioplan/packages/app/src/components/dashboard/Dashboard.react.js": {"path":"/Users/ashah/Documents/projects/github/marioplan/packages/app/src/components/dashboard/Dashboard.react.js","statementMap":{"0":{"start":{"line":6,"column":2},"end":{"line":17,"column":3}}},"fnMap":{"0":{"name":"(anonymous_0)","decl":{"start":{"line":5,"column":15},"end":{"line":5,"column":16}},"loc":{"start":{"line":5,"column":26},"end":{"line":18,"column":1}},"line":5}},"branchMap":{},"s":{"0":2},"f":{"0":2},"b":{},"_coverageSchema":"43e27e138ebf9cfc5966b082cf9a028302ed4184","hash":"0fd0afd5a82d21997164cf658212a51673b4fdb5"}
,"/Users/ashah/Documents/projects/github/marioplan/packages/app/src/components/dashboard/Notifications.react.js": {"path":"/Users/ashah/Documents/projects/github/marioplan/packages/app/src/components/dashboard/Notifications.react.js","statementMap":{"0":{"start":{"line":3,"column":22},"end":{"line":9,"column":1}},"1":{"start":{"line":4,"column":2},"end":{"line":8,"column":3}}},"fnMap":{"0":{"name":"(anonymous_0)","decl":{"start":{"line":3,"column":22},"end":{"line":3,"column":23}},"loc":{"start":{"line":3,"column":28},"end":{"line":9,"column":1}},"line":3}},"branchMap":{},"s":{"0":3,"1":3},"f":{"0":3},"b":{},"_coverageSchema":"43e27e138ebf9cfc5966b082cf9a028302ed4184","hash":"f03d333ffd517c950a53f89d163f112bb1214243"}
,"/Users/ashah/Documents/projects/github/marioplan/packages/app/src/components/layout/Navbar.react.js": {"path":"/Users/ashah/Documents/projects/github/marioplan/packages/app/src/components/layout/Navbar.react.js","statementMap":{"0":{"start":{"line":6,"column":15},"end":{"line":20,"column":1}},"1":{"start":{"line":7,"column":2},"end":{"line":19,"column":3}}},"fnMap":{"0":{"name":"(anonymous_0)","decl":{"start":{"line":6,"column":15},"end":{"line":6,"column":16}},"loc":{"start":{"line":6,"column":21},"end":{"line":20,"column":1}},"line":6}},"branchMap":{},"s":{"0":2,"1":2},"f":{"0":2},"b":{},"_coverageSchema":"43e27e138ebf9cfc5966b082cf9a028302ed4184","hash":"4d0904df2408c174eab3505e01052705e85609a0"}
,"/Users/ashah/Documents/projects/github/marioplan/packages/app/src/components/layout/SignedInLinks.react.js": {"path":"/Users/ashah/Documents/projects/github/marioplan/packages/app/src/components/layout/SignedInLinks.react.js","statementMap":{"0":{"start":{"line":4,"column":22},"end":{"line":14,"column":1}},"1":{"start":{"line":5,"column":2},"end":{"line":13,"column":3}}},"fnMap":{"0":{"name":"(anonymous_0)","decl":{"start":{"line":4,"column":22},"end":{"line":4,"column":23}},"loc":{"start":{"line":4,"column":28},"end":{"line":14,"column":1}},"line":4}},"branchMap":{},"s":{"0":3,"1":3},"f":{"0":3},"b":{},"_coverageSchema":"43e27e138ebf9cfc5966b082cf9a028302ed4184","hash":"302e0b172dc67a25965c7dd50f4dcf459cc129ff"}
,"/Users/ashah/Documents/projects/github/marioplan/packages/app/src/components/layout/SignedOutLinks.react.js": {"path":"/Users/ashah/Documents/projects/github/marioplan/packages/app/src/components/layout/SignedOutLinks.react.js","statementMap":{"0":{"start":{"line":4,"column":23},"end":{"line":11,"column":1}},"1":{"start":{"line":5,"column":2},"end":{"line":10,"column":3}}},"fnMap":{"0":{"name":"(anonymous_0)","decl":{"start":{"line":4,"column":23},"end":{"line":4,"column":24}},"loc":{"start":{"line":4,"column":29},"end":{"line":11,"column":1}},"line":4}},"branchMap":{},"s":{"0":3,"1":3},"f":{"0":3},"b":{},"_coverageSchema":"43e27e138ebf9cfc5966b082cf9a028302ed4184","hash":"2e0ac5cde643b6d1935c6632a896af3bb61d0c11"}
,"/Users/ashah/Documents/projects/github/marioplan/packages/app/src/components/materialize/Cardify.react.js": {"path":"/Users/ashah/Documents/projects/github/marioplan/packages/app/src/components/materialize/Cardify.react.js","statementMap":{"0":{"start":{"line":3,"column":16},"end":{"line":15,"column":1}},"1":{"start":{"line":4,"column":2},"end":{"line":14,"column":3}},"2":{"start":{"line":6,"column":6},"end":{"line":12,"column":7}}},"fnMap":{"0":{"name":"(anonymous_0)","decl":{"start":{"line":3,"column":16},"end":{"line":3,"column":17}},"loc":{"start":{"line":4,"column":2},"end":{"line":14,"column":3}},"line":4},"1":{"name":"(anonymous_1)","decl":{"start":{"line":5,"column":4},"end":{"line":5,"column":5}},"loc":{"start":{"line":5,"column":13},"end":{"line":13,"column":5}},"line":5}},"branchMap":{},"s":{"0":5,"1":7,"2":1},"f":{"0":7,"1":1},"b":{},"_coverageSchema":"43e27e138ebf9cfc5966b082cf9a028302ed4184","hash":"232f3512eb790c186cb8e5cf07555304cc98e48f"}
,"/Users/ashah/Documents/projects/github/marioplan/packages/app/src/components/materialize/Containerify.react.js": {"path":"/Users/ashah/Documents/projects/github/marioplan/packages/app/src/components/materialize/Containerify.react.js","statementMap":{"0":{"start":{"line":3,"column":21},"end":{"line":14,"column":1}},"1":{"start":{"line":6,"column":6},"end":{"line":10,"column":7}},"2":{"start":{"line":13,"column":2},"end":{"line":13,"column":32}}},"fnMap":{"0":{"name":"(anonymous_0)","decl":{"start":{"line":3,"column":21},"end":{"line":3,"column":22}},"loc":{"start":{"line":3,"column":43},"end":{"line":14,"column":1}},"line":3},"1":{"name":"(anonymous_1)","decl":{"start":{"line":5,"column":4},"end":{"line":5,"column":5}},"loc":{"start":{"line":5,"column":13},"end":{"line":11,"column":5}},"line":5}},"branchMap":{},"s":{"0":5,"1":1,"2":7},"f":{"0":7,"1":1},"b":{},"_coverageSchema":"43e27e138ebf9cfc5966b082cf9a028302ed4184","hash":"02e9bf42673d0aed284df8611a8d53c0c39cb69b"}
,"/Users/ashah/Documents/projects/github/marioplan/packages/app/src/components/materialize/Title.react.js": {"path":"/Users/ashah/Documents/projects/github/marioplan/packages/app/src/components/materialize/Title.react.js","statementMap":{"0":{"start":{"line":3,"column":14},"end":{"line":7,"column":1}},"1":{"start":{"line":4,"column":2},"end":{"line":6,"column":7}}},"fnMap":{"0":{"name":"(anonymous_0)","decl":{"start":{"line":3,"column":14},"end":{"line":3,"column":15}},"loc":{"start":{"line":4,"column":2},"end":{"line":6,"column":7}},"line":4}},"branchMap":{},"s":{"0":3,"1":2},"f":{"0":2},"b":{},"_coverageSchema":"43e27e138ebf9cfc5966b082cf9a028302ed4184","hash":"128743ba0155bb84054b5e124e8d6079fd3739b0"}
,"/Users/ashah/Documents/projects/github/marioplan/packages/app/src/components/projects/CreateProject.react.js": {"path":"/Users/ashah/Documents/projects/github/marioplan/packages/app/src/components/projects/CreateProject.react.js","statementMap":{"0":{"start":{"line":9,"column":4},"end":{"line":9,"column":11}},"1":{"start":{"line":10,"column":4},"end":{"line":13,"column":5}},"2":{"start":{"line":17,"column":4},"end":{"line":17,"column":22}},"3":{"start":{"line":18,"column":4},"end":{"line":18,"column":23}},"4":{"start":{"line":19,"column":4},"end":{"line":19,"column":40}},"5":{"start":{"line":23,"column":4},"end":{"line":25,"column":6}},"6":{"start":{"line":29,"column":4},"end":{"line":57,"column":5}}},"fnMap":{"0":{"name":"(anonymous_0)","decl":{"start":{"line":8,"column":2},"end":{"line":8,"column":3}},"loc":{"start":{"line":8,"column":16},"end":{"line":14,"column":3}},"line":8},"1":{"name":"(anonymous_1)","decl":{"start":{"line":16,"column":2},"end":{"line":16,"column":3}},"loc":{"start":{"line":16,"column":18},"end":{"line":20,"column":3}},"line":16},"2":{"name":"(anonymous_2)","decl":{"start":{"line":22,"column":2},"end":{"line":22,"column":3}},"loc":{"start":{"line":22,"column":18},"end":{"line":26,"column":3}},"line":22},"3":{"name":"(anonymous_3)","decl":{"start":{"line":28,"column":2},"end":{"line":28,"column":3}},"loc":{"start":{"line":28,"column":11},"end":{"line":58,"column":3}},"line":28}},"branchMap":{},"s":{"0":4,"1":4,"2":1,"3":1,"4":1,"5":2,"6":6},"f":{"0":4,"1":1,"2":2,"3":6},"b":{},"_coverageSchema":"43e27e138ebf9cfc5966b082cf9a028302ed4184","hash":"12a47ed9def44aaaf8379a83ee0cf855793c4c81"}
,"/Users/ashah/Documents/projects/github/marioplan/packages/app/src/components/projects/ProjectDetails.react.js": {"path":"/Users/ashah/Documents/projects/github/marioplan/packages/app/src/components/projects/ProjectDetails.react.js","statementMap":{"0":{"start":{"line":5,"column":34},"end":{"line":7,"column":1}},"1":{"start":{"line":6,"column":2},"end":{"line":6,"column":47}},"2":{"start":{"line":9,"column":31},"end":{"line":9,"column":55}},"3":{"start":{"line":9,"column":42},"end":{"line":9,"column":55}},"4":{"start":{"line":11,"column":26},"end":{"line":17,"column":1}},"5":{"start":{"line":12,"column":2},"end":{"line":16,"column":8}},"6":{"start":{"line":19,"column":34},"end":{"line":34,"column":1}},"7":{"start":{"line":20,"column":2},"end":{"line":33,"column":8}},"8":{"start":{"line":36,"column":23},"end":{"line":47,"column":1}},"9":{"start":{"line":37,"column":19},"end":{"line":37,"column":32}},"10":{"start":{"line":39,"column":2},"end":{"line":39,"column":30}},"11":{"start":{"line":40,"column":2},"end":{"line":43,"column":3}},"12":{"start":{"line":44,"column":2},"end":{"line":46,"column":38}},"13":{"start":{"line":49,"column":31},"end":{"line":58,"column":1}},"14":{"start":{"line":50,"column":2},"end":{"line":57,"column":8}}},"fnMap":{"0":{"name":"(anonymous_0)","decl":{"start":{"line":5,"column":34},"end":{"line":5,"column":35}},"loc":{"start":{"line":5,"column":57},"end":{"line":7,"column":1}},"line":5},"1":{"name":"(anonymous_1)","decl":{"start":{"line":9,"column":31},"end":{"line":9,"column":32}},"loc":{"start":{"line":9,"column":42},"end":{"line":9,"column":55}},"line":9},"2":{"name":"(anonymous_2)","decl":{"start":{"line":11,"column":26},"end":{"line":11,"column":27}},"loc":{"start":{"line":12,"column":2},"end":{"line":16,"column":8}},"line":12},"3":{"name":"(anonymous_3)","decl":{"start":{"line":19,"column":34},"end":{"line":19,"column":35}},"loc":{"start":{"line":20,"column":2},"end":{"line":33,"column":8}},"line":20},"4":{"name":"(anonymous_4)","decl":{"start":{"line":36,"column":23},"end":{"line":36,"column":24}},"loc":{"start":{"line":36,"column":34},"end":{"line":47,"column":1}},"line":36},"5":{"name":"(anonymous_5)","decl":{"start":{"line":49,"column":31},"end":{"line":49,"column":32}},"loc":{"start":{"line":50,"column":2},"end":{"line":57,"column":8}},"line":50}},"branchMap":{"0":{"loc":{"start":{"line":52,"column":7},"end":{"line":52,"column":40}},"type":"binary-expr","locations":[{"start":{"line":52,"column":7},"end":{"line":52,"column":22}},{"start":{"line":52,"column":26},"end":{"line":52,"column":40}}],"line":52},"1":{"loc":{"start":{"line":53,"column":7},"end":{"line":55,"column":8}},"type":"binary-expr","locations":[{"start":{"line":53,"column":7},"end":{"line":53,"column":23}},{"start":{"line":53,"column":27},"end":{"line":53,"column":41}},{"start":{"line":53,"column":45},"end":{"line":55,"column":8}}],"line":53}},"s":{"0":2,"1":1,"2":2,"3":4,"4":2,"5":4,"6":2,"7":2,"8":2,"9":2,"10":2,"11":2,"12":2,"13":2,"14":4},"f":{"0":1,"1":4,"2":4,"3":2,"4":2,"5":4},"b":{"0":[4,3],"1":[4,1,1]},"_coverageSchema":"43e27e138ebf9cfc5966b082cf9a028302ed4184","hash":"c616e54c25a0230a451b89d259a06e371a47e8a5"}
,"/Users/ashah/Documents/projects/github/marioplan/packages/app/src/components/projects/ProjectList.react.js": {"path":"/Users/ashah/Documents/projects/github/marioplan/packages/app/src/components/projects/ProjectList.react.js","statementMap":{"0":{"start":{"line":8,"column":2},"end":{"line":8,"column":35}},"1":{"start":{"line":11,"column":20},"end":{"line":42,"column":1}},"2":{"start":{"line":12,"column":39},"end":{"line":12,"column":76}},"3":{"start":{"line":12,"column":62},"end":{"line":12,"column":75}},"4":{"start":{"line":13,"column":19},"end":{"line":13,"column":32}},"5":{"start":{"line":14,"column":2},"end":{"line":15,"column":17}},"6":{"start":{"line":16,"column":2},"end":{"line":41,"column":3}},"7":{"start":{"line":29,"column":12},"end":{"line":36,"column":19}}},"fnMap":{"0":{"name":"useEffectForFetchingAndStoringProjects","decl":{"start":{"line":7,"column":16},"end":{"line":7,"column":54}},"loc":{"start":{"line":7,"column":65},"end":{"line":9,"column":1}},"line":7},"1":{"name":"(anonymous_1)","decl":{"start":{"line":11,"column":20},"end":{"line":11,"column":21}},"loc":{"start":{"line":11,"column":26},"end":{"line":42,"column":1}},"line":11},"2":{"name":"(anonymous_2)","decl":{"start":{"line":12,"column":51},"end":{"line":12,"column":52}},"loc":{"start":{"line":12,"column":62},"end":{"line":12,"column":75}},"line":12},"3":{"name":"(anonymous_3)","decl":{"start":{"line":28,"column":35},"end":{"line":28,"column":36}},"loc":{"start":{"line":29,"column":12},"end":{"line":36,"column":19}},"line":29}},"branchMap":{"0":{"loc":{"start":{"line":23,"column":8},"end":{"line":38,"column":9}},"type":"cond-expr","locations":[{"start":{"line":24,"column":12},"end":{"line":26,"column":18}},{"start":{"line":28,"column":10},"end":{"line":37,"column":12}}],"line":23},"1":{"loc":{"start":{"line":28,"column":10},"end":{"line":37,"column":12}},"type":"binary-expr","locations":[{"start":{"line":28,"column":10},"end":{"line":28,"column":18}},{"start":{"line":28,"column":22},"end":{"line":37,"column":12}}],"line":28}},"s":{"0":1,"1":3,"2":3,"3":6,"4":3,"5":3,"6":3,"7":3},"f":{"0":1,"1":3,"2":6,"3":3},"b":{"0":[1,2],"1":[2,2]},"_coverageSchema":"43e27e138ebf9cfc5966b082cf9a028302ed4184","hash":"8fb894e76cf8c629863d96980e2f480cc1e9b80d"}
,"/Users/ashah/Documents/projects/github/marioplan/packages/app/src/components/projects/ProjectSummary.react.js": {"path":"/Users/ashah/Documents/projects/github/marioplan/packages/app/src/components/projects/ProjectSummary.react.js","statementMap":{"0":{"start":{"line":3,"column":23},"end":{"line":15,"column":1}},"1":{"start":{"line":4,"column":2},"end":{"line":14,"column":3}}},"fnMap":{"0":{"name":"(anonymous_0)","decl":{"start":{"line":3,"column":23},"end":{"line":3,"column":24}},"loc":{"start":{"line":3,"column":38},"end":{"line":15,"column":1}},"line":3}},"branchMap":{},"s":{"0":4,"1":4},"f":{"0":4},"b":{},"_coverageSchema":"43e27e138ebf9cfc5966b082cf9a028302ed4184","hash":"e50278e33983c8aaacb0c417a5bc690952e17b2c"}
,"/Users/ashah/Documents/projects/github/marioplan/packages/app/src/firebase-app/index.js": {"path":"/Users/ashah/Documents/projects/github/marioplan/packages/app/src/firebase-app/index.js","statementMap":{"0":{"start":{"line":6,"column":4},"end":{"line":6,"column":51}},"1":{"start":{"line":7,"column":4},"end":{"line":7,"column":34}},"2":{"start":{"line":11,"column":20},"end":{"line":19,"column":2}}},"fnMap":{"0":{"name":"(anonymous_0)","decl":{"start":{"line":5,"column":2},"end":{"line":5,"column":3}},"loc":{"start":{"line":5,"column":28},"end":{"line":8,"column":3}},"line":5}},"branchMap":{},"s":{"0":5,"1":5,"2":5},"f":{"0":5},"b":{},"_coverageSchema":"43e27e138ebf9cfc5966b082cf9a028302ed4184","hash":"124b0ebb8b620c944dc336d4b99aa84dac5fa162"}
,"/Users/ashah/Documents/projects/github/marioplan/packages/app/src/store/actions/project.js": {"path":"/Users/ashah/Documents/projects/github/marioplan/packages/app/src/store/actions/project.js","statementMap":{"0":{"start":{"line":3,"column":29},"end":{"line":9,"column":2}},"1":{"start":{"line":3,"column":43},"end":{"line":9,"column":1}},"2":{"start":{"line":4,"column":2},"end":{"line":4,"column":44}},"3":{"start":{"line":5,"column":30},"end":{"line":5,"column":74}},"4":{"start":{"line":6,"column":29},"end":{"line":6,"column":60}},"5":{"start":{"line":7,"column":2},"end":{"line":7,"column":72}},"6":{"start":{"line":8,"column":2},"end":{"line":8,"column":41}},"7":{"start":{"line":11,"column":37},"end":{"line":23,"column":2}},"8":{"start":{"line":11,"column":44},"end":{"line":23,"column":1}},"9":{"start":{"line":12,"column":2},"end":{"line":12,"column":44}},"10":{"start":{"line":13,"column":28},"end":{"line":13,"column":65}},"11":{"start":{"line":14,"column":19},"end":{"line":17,"column":5}},"12":{"start":{"line":14,"column":56},"end":{"line":17,"column":3}},"13":{"start":{"line":18,"column":2},"end":{"line":21,"column":4}},"14":{"start":{"line":22,"column":2},"end":{"line":22,"column":41}},"15":{"start":{"line":25,"column":28},"end":{"line":32,"column":2}},"16":{"start":{"line":25,"column":44},"end":{"line":32,"column":1}},"17":{"start":{"line":26,"column":2},"end":{"line":26,"column":43}},"18":{"start":{"line":27,"column":17},"end":{"line":27,"column":57}},"19":{"start":{"line":28,"column":14},"end":{"line":28,"column":32}},"20":{"start":{"line":29,"column":2},"end":{"line":30,"column":36}},"21":{"start":{"line":29,"column":18},"end":{"line":29,"column":80}},"22":{"start":{"line":30,"column":7},"end":{"line":30,"column":36}},"23":{"start":{"line":31,"column":2},"end":{"line":31,"column":41}}},"fnMap":{"0":{"name":"(anonymous_0)","decl":{"start":{"line":3,"column":29},"end":{"line":3,"column":30}},"loc":{"start":{"line":3,"column":43},"end":{"line":9,"column":1}},"line":3},"1":{"name":"(anonymous_1)","decl":{"start":{"line":3,"column":43},"end":{"line":3,"column":44}},"loc":{"start":{"line":3,"column":61},"end":{"line":9,"column":1}},"line":3},"2":{"name":"(anonymous_2)","decl":{"start":{"line":11,"column":37},"end":{"line":11,"column":38}},"loc":{"start":{"line":11,"column":44},"end":{"line":23,"column":1}},"line":11},"3":{"name":"(anonymous_3)","decl":{"start":{"line":11,"column":44},"end":{"line":11,"column":45}},"loc":{"start":{"line":11,"column":63},"end":{"line":23,"column":1}},"line":11},"4":{"name":"(anonymous_4)","decl":{"start":{"line":14,"column":46},"end":{"line":14,"column":47}},"loc":{"start":{"line":14,"column":56},"end":{"line":17,"column":3}},"line":14},"5":{"name":"(anonymous_5)","decl":{"start":{"line":25,"column":28},"end":{"line":25,"column":29}},"loc":{"start":{"line":25,"column":44},"end":{"line":32,"column":1}},"line":25},"6":{"name":"(anonymous_6)","decl":{"start":{"line":25,"column":44},"end":{"line":25,"column":45}},"loc":{"start":{"line":25,"column":64},"end":{"line":32,"column":1}},"line":25}},"branchMap":{"0":{"loc":{"start":{"line":29,"column":2},"end":{"line":30,"column":36}},"type":"if","locations":[{"start":{"line":29,"column":2},"end":{"line":30,"column":36}},{"start":{"line":29,"column":2},"end":{"line":30,"column":36}}],"line":29}},"s":{"0":6,"1":1,"2":1,"3":1,"4":1,"5":1,"6":1,"7":6,"8":2,"9":1,"10":1,"11":1,"12":1,"13":1,"14":1,"15":6,"16":4,"17":2,"18":2,"19":2,"20":2,"21":1,"22":1,"23":2},"f":{"0":1,"1":1,"2":2,"3":1,"4":1,"5":4,"6":2},"b":{"0":[1,1]},"_coverageSchema":"43e27e138ebf9cfc5966b082cf9a028302ed4184","hash":"00d6eec9112cb270ef8938163320444e7c7ce7c2"}
,"/Users/ashah/Documents/projects/github/marioplan/packages/app/src/xt/TryingOut.react.js": {"path":"/Users/ashah/Documents/projects/github/marioplan/packages/app/src/xt/TryingOut.react.js","statementMap":{"0":{"start":{"line":3,"column":30},"end":{"line":5,"column":1}},"1":{"start":{"line":4,"column":2},"end":{"line":4,"column":54}},"2":{"start":{"line":7,"column":30},"end":{"line":11,"column":1}},"3":{"start":{"line":8,"column":2},"end":{"line":10,"column":8}}},"fnMap":{"0":{"name":"(anonymous_0)","decl":{"start":{"line":3,"column":30},"end":{"line":3,"column":31}},"loc":{"start":{"line":4,"column":2},"end":{"line":4,"column":54}},"line":4},"1":{"name":"(anonymous_1)","decl":{"start":{"line":7,"column":30},"end":{"line":7,"column":31}},"loc":{"start":{"line":8,"column":2},"end":{"line":10,"column":8}},"line":8}},"branchMap":{"0":{"loc":{"start":{"line":9,"column":6},"end":{"line":9,"column":62}},"type":"cond-expr","locations":[{"start":{"line":9,"column":12},"end":{"line":9,"column":40}},{"start":{"line":9,"column":43},"end":{"line":9,"column":62}}],"line":9}},"s":{"0":1,"1":1,"2":1,"3":2},"f":{"0":1,"1":2},"b":{"0":[1,1]},"_coverageSchema":"43e27e138ebf9cfc5966b082cf9a028302ed4184","hash":"f324afa7d4cc080ed63590fd8a97fecf373ea78d"}
}
