TN:
SF:/Users/ashah/Documents/projects/github/marioplan/packages/app/src/App.react.js
FN:11,(anonymous_0)
FNF:1
FNH:1
FNDA:1,(anonymous_0)
DA:12,1
LF:1
LH:1
BRF:0
BRH:0
end_of_record
TN:
SF:/Users/ashah/Documents/projects/github/marioplan/packages/app/src/components/auth/SignIn.react.js
FN:7,(anonymous_0)
FN:15,(anonymous_1)
FN:21,(anonymous_2)
FN:26,(anonymous_3)
FNF:4
FNH:4
FNDA:4,(anonymous_0)
FNDA:1,(anonymous_1)
FNDA:2,(anonymous_2)
FNDA:6,(anonymous_3)
DA:8,4
DA:9,4
DA:16,1
DA:17,1
DA:22,2
DA:27,6
LF:6
LH:6
BRF:0
BRH:0
end_of_record
TN:
SF:/Users/ashah/Documents/projects/github/marioplan/packages/app/src/components/auth/SignUp.react.js
FN:7,(anonymous_0)
FN:17,(anonymous_1)
FN:23,(anonymous_2)
FN:29,(anonymous_3)
FNF:4
FNH:4
FNDA:4,(anonymous_0)
FNDA:1,(anonymous_1)
FNDA:2,(anonymous_2)
FNDA:6,(anonymous_3)
DA:8,4
DA:9,4
DA:18,1
DA:19,1
DA:24,2
DA:30,6
LF:6
LH:6
BRF:0
BRH:0
end_of_record
TN:
SF:/Users/ashah/Documents/projects/github/marioplan/packages/app/src/components/dashboard/Dashboard.react.js
FN:5,(anonymous_0)
FNF:1
FNH:1
FNDA:2,(anonymous_0)
DA:6,2
LF:1
LH:1
BRF:0
BRH:0
end_of_record
TN:
SF:/Users/ashah/Documents/projects/github/marioplan/packages/app/src/components/dashboard/Notifications.react.js
FN:3,(anonymous_0)
FNF:1
FNH:1
FNDA:3,(anonymous_0)
DA:3,3
DA:4,3
LF:2
LH:2
BRF:0
BRH:0
end_of_record
TN:
SF:/Users/ashah/Documents/projects/github/marioplan/packages/app/src/components/layout/Navbar.react.js
FN:6,(anonymous_0)
FNF:1
FNH:1
FNDA:2,(anonymous_0)
DA:6,2
DA:7,2
LF:2
LH:2
BRF:0
BRH:0
end_of_record
TN:
SF:/Users/ashah/Documents/projects/github/marioplan/packages/app/src/components/layout/SignedInLinks.react.js
FN:4,(anonymous_0)
FNF:1
FNH:1
FNDA:3,(anonymous_0)
DA:4,3
DA:5,3
LF:2
LH:2
BRF:0
BRH:0
end_of_record
TN:
SF:/Users/ashah/Documents/projects/github/marioplan/packages/app/src/components/layout/SignedOutLinks.react.js
FN:4,(anonymous_0)
FNF:1
FNH:1
FNDA:3,(anonymous_0)
DA:4,3
DA:5,3
LF:2
LH:2
BRF:0
BRH:0
end_of_record
TN:
SF:/Users/ashah/Documents/projects/github/marioplan/packages/app/src/components/materialize/Cardify.react.js
FN:3,(anonymous_0)
FN:5,(anonymous_1)
FNF:2
FNH:2
FNDA:7,(anonymous_0)
FNDA:1,(anonymous_1)
DA:3,5
DA:4,7
DA:6,1
LF:3
LH:3
BRF:0
BRH:0
end_of_record
TN:
SF:/Users/ashah/Documents/projects/github/marioplan/packages/app/src/components/materialize/Containerify.react.js
FN:3,(anonymous_0)
FN:5,(anonymous_1)
FNF:2
FNH:2
FNDA:7,(anonymous_0)
FNDA:1,(anonymous_1)
DA:3,5
DA:6,1
DA:13,7
LF:3
LH:3
BRF:0
BRH:0
end_of_record
TN:
SF:/Users/ashah/Documents/projects/github/marioplan/packages/app/src/components/materialize/Title.react.js
FN:3,(anonymous_0)
FNF:1
FNH:1
FNDA:2,(anonymous_0)
DA:3,3
DA:4,2
LF:2
LH:2
BRF:0
BRH:0
end_of_record
TN:
SF:/Users/ashah/Documents/projects/github/marioplan/packages/app/src/components/projects/CreateProject.react.js
FN:8,(anonymous_0)
FN:16,(anonymous_1)
FN:22,(anonymous_2)
FN:28,(anonymous_3)
FNF:4
FNH:4
FNDA:4,(anonymous_0)
FNDA:1,(anonymous_1)
FNDA:2,(anonymous_2)
FNDA:6,(anonymous_3)
DA:9,4
DA:10,4
DA:17,1
DA:18,1
DA:19,1
DA:23,2
DA:29,6
LF:7
LH:7
BRF:0
BRH:0
end_of_record
TN:
SF:/Users/ashah/Documents/projects/github/marioplan/packages/app/src/components/projects/ProjectDetails.react.js
FN:5,(anonymous_0)
FN:9,(anonymous_1)
FN:11,(anonymous_2)
FN:19,(anonymous_3)
FN:36,(anonymous_4)
FN:49,(anonymous_5)
FNF:6
FNH:6
FNDA:1,(anonymous_0)
FNDA:4,(anonymous_1)
FNDA:4,(anonymous_2)
FNDA:2,(anonymous_3)
FNDA:2,(anonymous_4)
FNDA:4,(anonymous_5)
DA:5,2
DA:6,1
DA:9,4
DA:11,2
DA:12,4
DA:19,2
DA:20,2
DA:36,2
DA:37,2
DA:39,2
DA:40,2
DA:44,2
DA:49,2
DA:50,4
LF:14
LH:14
BRDA:52,0,0,4
BRDA:52,0,1,3
BRDA:53,1,0,4
BRDA:53,1,1,1
BRDA:53,1,2,1
BRF:5
BRH:5
end_of_record
TN:
SF:/Users/ashah/Documents/projects/github/marioplan/packages/app/src/components/projects/ProjectList.react.js
FN:7,useEffectForFetchingAndStoringProjects
FN:11,(anonymous_1)
FN:12,(anonymous_2)
FN:28,(anonymous_3)
FNF:4
FNH:4
FNDA:1,useEffectForFetchingAndStoringProjects
FNDA:3,(anonymous_1)
FNDA:6,(anonymous_2)
FNDA:3,(anonymous_3)
DA:8,1
DA:11,3
DA:12,6
DA:13,3
DA:14,3
DA:16,3
DA:29,3
LF:7
LH:7
BRDA:23,0,0,1
BRDA:23,0,1,2
BRDA:28,1,0,2
BRDA:28,1,1,2
BRF:4
BRH:4
end_of_record
TN:
SF:/Users/ashah/Documents/projects/github/marioplan/packages/app/src/components/projects/ProjectSummary.react.js
FN:3,(anonymous_0)
FNF:1
FNH:1
FNDA:4,(anonymous_0)
DA:3,4
DA:4,4
LF:2
LH:2
BRF:0
BRH:0
end_of_record
TN:
SF:/Users/ashah/Documents/projects/github/marioplan/packages/app/src/firebase-app/index.js
FN:5,(anonymous_0)
FNF:1
FNH:1
FNDA:5,(anonymous_0)
DA:6,5
DA:7,5
DA:11,5
LF:3
LH:3
BRF:0
BRH:0
end_of_record
TN:
SF:/Users/ashah/Documents/projects/github/marioplan/packages/app/src/store/actions/project.js
FN:3,(anonymous_0)
FN:3,(anonymous_1)
FN:11,(anonymous_2)
FN:11,(anonymous_3)
FN:14,(anonymous_4)
FN:25,(anonymous_5)
FN:25,(anonymous_6)
FNF:7
FNH:7
FNDA:1,(anonymous_0)
FNDA:1,(anonymous_1)
FNDA:2,(anonymous_2)
FNDA:1,(anonymous_3)
FNDA:1,(anonymous_4)
FNDA:4,(anonymous_5)
FNDA:2,(anonymous_6)
DA:3,6
DA:4,1
DA:5,1
DA:6,1
DA:7,1
DA:8,1
DA:11,6
DA:12,1
DA:13,1
DA:14,1
DA:18,1
DA:22,1
DA:25,6
DA:26,2
DA:27,2
DA:28,2
DA:29,2
DA:30,1
DA:31,2
LF:19
LH:19
BRDA:29,0,0,1
BRDA:29,0,1,1
BRF:2
BRH:2
end_of_record
TN:
SF:/Users/ashah/Documents/projects/github/marioplan/packages/app/src/xt/TryingOut.react.js
FN:3,(anonymous_0)
FN:7,(anonymous_1)
FNF:2
FNH:2
FNDA:1,(anonymous_0)
FNDA:2,(anonymous_1)
DA:3,1
DA:4,1
DA:7,1
DA:8,2
LF:4
LH:4
BRDA:9,0,0,1
BRDA:9,0,1,1
BRF:2
BRH:2
end_of_record
